<?xml version="1.0" encoding="UTF-8"?>
<!-- Generated by org.testng.reporters.JUnitXMLReporter -->
<testsuite hostname="DESKTOP-NBQPCTP" ignored="0" name="Test3" tests="7" failures="0" timestamp="2021-03-30T10:56:28 IST" time="0.033" errors="0">
  <testcase name="Modify" time="0.028" classname="Conflict.OrganisationTest"/>
  <testcase name="Modify" time="0.028" classname="Conflict.ContacTest"/>
  <testcase name="Test" time="0.008" classname="Conflict.OrganisationTest"/>
  <testcase name="Test" time="0.021" classname="Conflict.ContacTest"/>
  <testcase name="create" time="0.014" classname="Conflict.ContacTest"/>
  <testcase name="add" time="0.004" classname="DEC.Demo"/>
  <testcase name="sub" time="0.002" classname="DEC.Demo"/>
</testsuite> <!-- Test3 -->
