<?xml version="1.0" encoding="UTF-8"?>
<!-- Generated by org.testng.reporters.JUnitXMLReporter -->
<testsuite hostname="DESKTOP-NBQPCTP" ignored="0" name="Test" tests="4" failures="0" timestamp="2021-03-27T20:11:14 IST" time="0.153" errors="0">
  <testcase name="LoginTest" time="0.029" classname="Conflict.ContacTest"/>
  <testcase name="Modify" time="0.007" classname="Conflict.ContacTest"/>
  <testcase name="Test" time="0.005" classname="Conflict.ContacTest"/>
  <testcase name="createcontactTest" time="0.005" classname="Conflict.ContacTest"/>
</testsuite> <!-- Test -->
