<?xml version="1.0" encoding="UTF-8"?>
<!-- Generated by org.testng.reporters.JUnitXMLReporter -->
<testsuite hostname="DESKTOP-NBQPCTP" ignored="0" name="Test" tests="6" failures="0" timestamp="2021-03-29T21:49:18 IST" time="0.185" errors="0">
  <testcase name="Modify" time="0.022" classname="Conflict.OrganisationTest"/>
  <testcase name="LoginTest" time="0.023" classname="Conflict.ContacTest"/>
  <testcase name="Modify" time="0.007" classname="Conflict.ContacTest"/>
  <testcase name="Test" time="0.007" classname="Conflict.ContacTest"/>
  <testcase name="Test" time="0.046" classname="Conflict.OrganisationTest"/>
  <testcase name="createcontactTest" time="0.014" classname="Conflict.ContacTest"/>
</testsuite> <!-- Test -->
