<?xml version="1.0" encoding="UTF-8"?>
<!-- Generated by org.testng.reporters.JUnitXMLReporter -->
<testsuite hostname="DESKTOP-NBQPCTP" ignored="0" name="Command line test" tests="6" failures="0" timestamp="2021-03-29T20:44:07 IST" time="0.289" errors="0">
  <testcase name="LoginTest" time="0.023" classname="Conflict.ContacTest"/>
  <testcase name="Modify" time="0.009" classname="Conflict.ContacTest"/>
  <testcase name="Test" time="0.008" classname="Conflict.ContacTest"/>
  <testcase name="createcontactTest" time="0.02" classname="Conflict.ContacTest"/>
  <testcase name="Modify" time="0.002" classname="Conflict.OrganisationTest"/>
  <testcase name="Test" time="0.002" classname="Conflict.OrganisationTest"/>
</testsuite> <!-- Command line test -->
