<?xml version="1.0" encoding="UTF-8"?>
<!-- Generated by org.testng.reporters.JUnitXMLReporter -->
<testsuite hostname="DESKTOP-NBQPCTP" ignored="0" name="Test1" tests="6" failures="0" timestamp="2021-03-30T10:13:23 IST" time="0.134" errors="0">
  <testcase name="Modify" time="0.012" classname="Conflict.OrganisationTest"/>
  <testcase name="LoginTest" time="0.012" classname="Conflict.ContacTest"/>
  <testcase name="Test" time="0.001" classname="Conflict.OrganisationTest"/>
  <testcase name="Modify" time="0.0" classname="Conflict.ContacTest"/>
  <testcase name="Test" time="0.001" classname="Conflict.ContacTest"/>
  <testcase name="createcontactTest" time="0.001" classname="Conflict.ContacTest"/>
</testsuite> <!-- Test1 -->
