<?xml version="1.0" encoding="UTF-8"?>
<!-- Generated by org.testng.reporters.JUnitXMLReporter -->
<testsuite hostname="DESKTOP-NBQPCTP" ignored="0" name="Command line test" tests="4" failures="0" timestamp="2021-03-29T20:23:03 IST" time="0.226" errors="0">
  <testcase name="LoginTest" time="0.017" classname="Conflict.ContacTest"/>
  <testcase name="Modify" time="0.003" classname="Conflict.ContacTest"/>
  <testcase name="Test" time="0.001" classname="Conflict.ContacTest"/>
  <testcase name="createcontactTest" time="0.001" classname="Conflict.ContacTest"/>
</testsuite> <!-- Command line test -->
